{
  "RSpec": {
    "coverage": {
      "/Users/davemcpherson/projects/csv-heirarchy-importer/app/helpers/application_helper.rb": [
        1,
        null
      ],
      "/Users/davemcpherson/projects/csv-heirarchy-importer/app/forms/user_import_form.rb": [
        1,
        1,
        null,
        1,
        1,
        1,
        null,
        1,
        1,
        1,
        null,
        1,
        17,
        17,
        17,
        null,
        0,
        null,
        null,
        null,
        1,
        255,
        null,
        null,
        null,
        1,
        56,
        null,
        null,
        null,
        1,
        0,
        null,
        null,
        1,
        0,
        null,
        null,
        1,
        2,
        null,
        null,
        1,
        0,
        null,
        null,
        1,
        1,
        null,
        null,
        1,
        1,
        1,
        4,
        null,
        null,
        null,
        null,
        1,
        0,
        null,
        null,
        1,
        0,
        null,
        null,
        1,
        0,
        null,
        null,
        1,
        null,
        1,
        15,
        15,
        15,
        15,
        null,
        null,
        1,
        null,
        15,
        0,
        1,
        0,
        0,
        38,
        null,
        null
      ],
      "/Users/davemcpherson/projects/csv-heirarchy-importer/app/services/user_hierarchy_builder.rb": [
        1,
        1,
        1,
        null,
        1,
        1,
        null,
        1,
        12,
        null,
        null,
        1,
        62,
        62,
        null,
        null,
        1,
        3,
        36,
        null,
        null,
        null,
        1,
        0,
        0,
        null,
        null,
        null,
        1,
        0,
        null,
        null,
        null,
        1,
        1,
        1,
        1,
        1,
        null,
        1,
        139,
        139,
        139,
        null,
        null,
        1,
        77,
        77,
        null,
        null,
        1,
        87,
        87,
        51,
        null,
        null,
        null,
        1,
        0,
        0,
        0,
        null,
        null,
        null,
        1,
        0,
        0,
        0,
        0,
        0,
        null,
        0,
        null,
        null,
        1,
        0,
        null,
        null,
        1,
        0,
        null,
        null,
        1,
        0,
        null,
        null,
        null,
        1,
        8,
        8,
        8,
        null,
        null,
        1,
        7,
        null,
        null,
        null,
        null,
        1,
        36,
        36,
        null,
        33,
        33,
        33,
        33,
        null,
        null,
        1,
        3,
        null,
        null,
        1,
        0,
        null,
        null,
        1,
        11,
        107,
        59,
        59,
        59,
        59,
        null,
        48,
        null,
        null,
        null,
        11,
        null,
        null,
        1,
        107,
        null,
        null,
        1,
        13,
        52,
        47,
        47,
        47,
        47,
        null,
        5,
        null,
        null,
        null,
        13,
        null,
        3,
        1,
        null,
        2,
        null,
        null,
        null
      ],
      "/Users/davemcpherson/projects/csv-heirarchy-importer/app/services/user_importer.rb": [
        1,
        1,
        null,
        1,
        1,
        1,
        null,
        1,
        1,
        null,
        1,
        6,
        6,
        6,
        6,
        6,
        6,
        null,
        null,
        1,
        5,
        5,
        3,
        3,
        3,
        3,
        null,
        null,
        1,
        null,
        1,
        6,
        null,
        null,
        1,
        3,
        87,
        33,
        null,
        null,
        null,
        null,
        null,
        1,
        33,
        0,
        null,
        33,
        null,
        null,
        0,
        null,
        null,
        1,
        0,
        0,
        null,
        null,
        null,
        null,
        null,
        1,
        6,
        36,
        36,
        36,
        null,
        null,
        6,
        null,
        3,
        0,
        null,
        3,
        null,
        null,
        null,
        1,
        62,
        null,
        null
      ],
      "/Users/davemcpherson/projects/csv-heirarchy-importer/app/lib/user_import/user.rb": [
        1,
        1,
        1,
        null,
        1,
        75,
        75,
        null,
        null,
        1,
        null,
        null,
        null,
        null,
        0,
        null,
        0,
        null,
        null,
        1,
        0,
        null,
        null,
        1,
        33,
        null,
        null,
        1,
        null,
        null,
        null,
        33,
        null,
        null,
        1,
        33,
        null,
        null,
        null,
        null,
        1,
        0,
        null,
        null,
        1,
        0,
        null,
        null,
        1,
        33,
        null,
        null,
        1,
        33,
        null,
        null,
        1,
        0,
        null,
        null,
        1,
        0,
        null,
        null,
        null
      ],
      "/Users/davemcpherson/projects/csv-heirarchy-importer/app/models/user.rb": [
        1,
        1,
        null
      ],
      "/Users/davemcpherson/projects/csv-heirarchy-importer/app/models/user_import_job.rb": [
        1,
        1,
        null,
        1,
        null,
        1,
        null
      ],
      "/Users/davemcpherson/projects/csv-heirarchy-importer/app/controllers/application_controller.rb": [
        0,
        0,
        0,
        0,
        0
      ]
    },
    "timestamp": 1463999481
  }
}
